<?xml version="1.0" encoding="UTF-8"?>
<!-- Generated by org.testng.reporters.JUnitReportReporter -->
<testsuite hostname="RD-A1-DT-4006" failures="0" tests="5" name="tests.CertificatesTest" time="208.825" errors="0" timestamp="2024-09-09T11:41:02 EEST" skipped="1">
  <testcase classname="tests.CertificatesTest" name="completeSessionCasesCertProcess" time="60.396"/>
  <system-out/>
  <testcase classname="tests.CertificatesTest" name="completeBrotestoCase" time="52.477"/>
  <system-out/>
  <testcase classname="tests.CertificatesTest" name="terroristGroupsCase" time="51.150"/>
  <system-out/>
  <testcase classname="tests.CertificatesTest" name="caseNoExist" time="44.802"/>
  <system-out/>
  <testcase classname="tests.CertificatesTest" name="negativeAppealCase">
    <skipped/>
  </testcase> <!-- negativeAppealCase -->
  <system-out/>
</testsuite> <!-- tests.CertificatesTest -->
