<?xml version="1.0" encoding="UTF-8"?>
<!-- Generated by org.testng.reporters.JUnitReportReporter -->
<testsuite hostname="RD-A1-DT-4006" failures="0" tests="1" name="tests.AnnouncementFeesTest" time="19.986" errors="0" timestamp="2024-09-09T15:02:44 EEST" skipped="0">
  <testcase classname="tests.AnnouncementFeesTest" name="creatAnnAttachWithCaseTest" time="19.986"/>
  <system-out/>
</testsuite> <!-- tests.AnnouncementFeesTest -->
