<?xml version="1.0" encoding="UTF-8"?>
<!-- Generated by org.testng.reporters.JUnitReportReporter -->
<testsuite hostname="RD-A1-DT-4006" failures="0" tests="1" name="tests.AdministrativeAnnFeesTest" time="32.070" errors="0" timestamp="2024-09-17T10:45:21 EEST" skipped="0">
  <testcase classname="tests.AdministrativeAnnFeesTest" name="adminsitrartiveAnnProcessTest" time="32.070"/>
  <system-out/>
</testsuite> <!-- tests.AdministrativeAnnFeesTest -->
